Analysis & Synthesis report for Incubadora
Thu Sep 05 12:14:34 2024
Quartus II 64-Bit Version 13.0.1 Build 232 06/12/2013 Service Pack 1 SJ Web Edition


---------------------
; Table of Contents ;
---------------------
  1. Legal Notice
  2. Analysis & Synthesis Summary
  3. Analysis & Synthesis Settings
  4. Parallel Compilation
  5. Analysis & Synthesis Source Files Read
  6. Analysis & Synthesis Resource Usage Summary
  7. Analysis & Synthesis Resource Utilization by Entity
  8. Registers Removed During Synthesis
  9. Removed Registers Triggering Further Register Optimizations
 10. General Register Statistics
 11. Inverted Register Statistics
 12. Multiplexer Restructuring Statistics (Restructuring Performed)
 13. Parameter Settings for User Entity Instance: Top-level Entity: |LIB_LCD_INTESC_REVD
 14. Parameter Settings for User Entity Instance: PROCESADOR_LCD_REVD:u1
 15. Parameter Settings for User Entity Instance: DHT11:U4
 16. Parameter Settings for User Entity Instance: TimerMR:U6
 17. Parameter Settings for Inferred Entity Instance: lpm_divide:Div1
 18. Parameter Settings for Inferred Entity Instance: lpm_divide:Mod5
 19. Parameter Settings for Inferred Entity Instance: lpm_divide:Mod4
 20. Parameter Settings for Inferred Entity Instance: lpm_divide:Div0
 21. Parameter Settings for Inferred Entity Instance: lpm_divide:Mod3
 22. Parameter Settings for Inferred Entity Instance: lpm_divide:Mod0
 23. Parameter Settings for Inferred Entity Instance: lpm_divide:Div5
 24. Parameter Settings for Inferred Entity Instance: lpm_divide:Div3
 25. Parameter Settings for Inferred Entity Instance: lpm_divide:Div4
 26. Parameter Settings for Inferred Entity Instance: lpm_divide:Mod2
 27. Parameter Settings for Inferred Entity Instance: lpm_divide:Mod1
 28. Parameter Settings for Inferred Entity Instance: lpm_divide:Div2
 29. Port Connectivity Checks: "Contador_4Hr:U5"
 30. Port Connectivity Checks: "DHT11:U4"
 31. Port Connectivity Checks: "PROCESADOR_LCD_REVD:u1"
 32. Elapsed Time Per Partition
 33. Analysis & Synthesis Messages



----------------
; Legal Notice ;
----------------
Copyright (C) 1991-2013 Altera Corporation
Your use of Altera Corporation's design tools, logic functions 
and other software and tools, and its AMPP partner logic 
functions, and any output files from any of the foregoing 
(including device programming or simulation files), and any 
associated documentation or information are expressly subject 
to the terms and conditions of the Altera Program License 
Subscription Agreement, Altera MegaCore Function License 
Agreement, or other applicable license agreement, including, 
without limitation, that your use is for the sole purpose of 
programming logic devices manufactured by Altera and sold by 
Altera or its authorized distributors.  Please refer to the 
applicable agreement for further details.



+--------------------------------------------------------------------------------------+
; Analysis & Synthesis Summary                                                         ;
+------------------------------------+-------------------------------------------------+
; Analysis & Synthesis Status        ; Successful - Thu Sep 05 12:14:34 2024           ;
; Quartus II 64-Bit Version          ; 13.0.1 Build 232 06/12/2013 SP 1 SJ Web Edition ;
; Revision Name                      ; Incubadora                                      ;
; Top-level Entity Name              ; LIB_LCD_INTESC_REVD                             ;
; Family                             ; Cyclone IV E                                    ;
; Total logic elements               ; 1,567                                           ;
;     Total combinational functions  ; 1,513                                           ;
;     Dedicated logic registers      ; 359                                             ;
; Total registers                    ; 359                                             ;
; Total pins                         ; 18                                              ;
; Total virtual pins                 ; 0                                               ;
; Total memory bits                  ; 0                                               ;
; Embedded Multiplier 9-bit elements ; 0                                               ;
; Total PLLs                         ; 0                                               ;
+------------------------------------+-------------------------------------------------+


+-----------------------------------------------------------------------------------------------------------------------+
; Analysis & Synthesis Settings                                                                                         ;
+----------------------------------------------------------------------------+---------------------+--------------------+
; Option                                                                     ; Setting             ; Default Value      ;
+----------------------------------------------------------------------------+---------------------+--------------------+
; Device                                                                     ; EP4CE6E22C8         ;                    ;
; Top-level entity name                                                      ; LIB_LCD_INTESC_REVD ; Incubadora         ;
; Family name                                                                ; Cyclone IV E        ; Cyclone V          ;
; Use smart compilation                                                      ; Off                 ; Off                ;
; Enable parallel Assembler and TimeQuest Timing Analyzer during compilation ; On                  ; On                 ;
; Enable compact report table                                                ; Off                 ; Off                ;
; Restructure Multiplexers                                                   ; Auto                ; Auto               ;
; Create Debugging Nodes for IP Cores                                        ; Off                 ; Off                ;
; Preserve fewer node names                                                  ; On                  ; On                 ;
; Disable OpenCore Plus hardware evaluation                                  ; Off                 ; Off                ;
; Verilog Version                                                            ; Verilog_2001        ; Verilog_2001       ;
; VHDL Version                                                               ; VHDL_1993           ; VHDL_1993          ;
; State Machine Processing                                                   ; Auto                ; Auto               ;
; Safe State Machine                                                         ; Off                 ; Off                ;
; Extract Verilog State Machines                                             ; On                  ; On                 ;
; Extract VHDL State Machines                                                ; On                  ; On                 ;
; Ignore Verilog initial constructs                                          ; Off                 ; Off                ;
; Iteration limit for constant Verilog loops                                 ; 5000                ; 5000               ;
; Iteration limit for non-constant Verilog loops                             ; 250                 ; 250                ;
; Add Pass-Through Logic to Inferred RAMs                                    ; On                  ; On                 ;
; Infer RAMs from Raw Logic                                                  ; On                  ; On                 ;
; Parallel Synthesis                                                         ; On                  ; On                 ;
; DSP Block Balancing                                                        ; Auto                ; Auto               ;
; NOT Gate Push-Back                                                         ; On                  ; On                 ;
; Power-Up Don't Care                                                        ; On                  ; On                 ;
; Remove Redundant Logic Cells                                               ; Off                 ; Off                ;
; Remove Duplicate Registers                                                 ; On                  ; On                 ;
; Ignore CARRY Buffers                                                       ; Off                 ; Off                ;
; Ignore CASCADE Buffers                                                     ; Off                 ; Off                ;
; Ignore GLOBAL Buffers                                                      ; Off                 ; Off                ;
; Ignore ROW GLOBAL Buffers                                                  ; Off                 ; Off                ;
; Ignore LCELL Buffers                                                       ; Off                 ; Off                ;
; Ignore SOFT Buffers                                                        ; On                  ; On                 ;
; Limit AHDL Integers to 32 Bits                                             ; Off                 ; Off                ;
; Optimization Technique                                                     ; Balanced            ; Balanced           ;
; Carry Chain Length                                                         ; 70                  ; 70                 ;
; Auto Carry Chains                                                          ; On                  ; On                 ;
; Auto Open-Drain Pins                                                       ; On                  ; On                 ;
; Perform WYSIWYG Primitive Resynthesis                                      ; Off                 ; Off                ;
; Auto ROM Replacement                                                       ; On                  ; On                 ;
; Auto RAM Replacement                                                       ; On                  ; On                 ;
; Auto DSP Block Replacement                                                 ; On                  ; On                 ;
; Auto Shift Register Replacement                                            ; Auto                ; Auto               ;
; Allow Shift Register Merging across Hierarchies                            ; Auto                ; Auto               ;
; Auto Clock Enable Replacement                                              ; On                  ; On                 ;
; Strict RAM Replacement                                                     ; Off                 ; Off                ;
; Allow Synchronous Control Signals                                          ; On                  ; On                 ;
; Force Use of Synchronous Clear Signals                                     ; Off                 ; Off                ;
; Auto RAM Block Balancing                                                   ; On                  ; On                 ;
; Auto RAM to Logic Cell Conversion                                          ; Off                 ; Off                ;
; Auto Resource Sharing                                                      ; Off                 ; Off                ;
; Allow Any RAM Size For Recognition                                         ; Off                 ; Off                ;
; Allow Any ROM Size For Recognition                                         ; Off                 ; Off                ;
; Allow Any Shift Register Size For Recognition                              ; Off                 ; Off                ;
; Use LogicLock Constraints during Resource Balancing                        ; On                  ; On                 ;
; Ignore translate_off and synthesis_off directives                          ; Off                 ; Off                ;
; Timing-Driven Synthesis                                                    ; On                  ; On                 ;
; Report Parameter Settings                                                  ; On                  ; On                 ;
; Report Source Assignments                                                  ; On                  ; On                 ;
; Report Connectivity Checks                                                 ; On                  ; On                 ;
; Ignore Maximum Fan-Out Assignments                                         ; Off                 ; Off                ;
; Synchronization Register Chain Length                                      ; 2                   ; 2                  ;
; PowerPlay Power Optimization                                               ; Normal compilation  ; Normal compilation ;
; HDL message level                                                          ; Level2              ; Level2             ;
; Suppress Register Optimization Related Messages                            ; Off                 ; Off                ;
; Number of Removed Registers Reported in Synthesis Report                   ; 5000                ; 5000               ;
; Number of Swept Nodes Reported in Synthesis Report                         ; 5000                ; 5000               ;
; Number of Inverted Registers Reported in Synthesis Report                  ; 100                 ; 100                ;
; Clock MUX Protection                                                       ; On                  ; On                 ;
; Auto Gated Clock Conversion                                                ; Off                 ; Off                ;
; Block Design Naming                                                        ; Auto                ; Auto               ;
; SDC constraint protection                                                  ; Off                 ; Off                ;
; Synthesis Effort                                                           ; Auto                ; Auto               ;
; Shift Register Replacement - Allow Asynchronous Clear Signal               ; On                  ; On                 ;
; Pre-Mapping Resynthesis Optimization                                       ; Off                 ; Off                ;
; Analysis & Synthesis Message Level                                         ; Medium              ; Medium             ;
; Disable Register Merging Across Hierarchies                                ; Auto                ; Auto               ;
; Resource Aware Inference For Block RAM                                     ; On                  ; On                 ;
; Synthesis Seed                                                             ; 1                   ; 1                  ;
+----------------------------------------------------------------------------+---------------------+--------------------+


Parallel compilation was disabled, but you have multiple processors available. Enable parallel compilation to reduce compilation time.
+-------------------------------------+
; Parallel Compilation                ;
+----------------------------+--------+
; Processors                 ; Number ;
+----------------------------+--------+
; Number detected on machine ; 12     ;
; Maximum allowed            ; 1      ;
+----------------------------+--------+


+------------------------------------------------------------------------------------------------------------------------------------------------------------------------------------------------------------------------------------------------------------------+
; Analysis & Synthesis Source Files Read                                                                                                                                                                                                                           ;
+--------------------------------------------------------------+-----------------+------------------------------+----------------------------------------------------------------------------------------------------------------------------------------+---------+
; File Name with User-Entered Path                             ; Used in Netlist ; File Type                    ; File Name with Absolute Path                                                                                                           ; Library ;
+--------------------------------------------------------------+-----------------+------------------------------+----------------------------------------------------------------------------------------------------------------------------------------+---------+
; Modulos/INTESC_LCD_8BITS_RevD/LIB_LCD_INTESC_REVD.vhd        ; yes             ; User VHDL File               ; C:/Users/erest/OneDrive/Escritorio/Carpetas/Incubadora/CodigoF/Incubadora/Modulos/INTESC_LCD_8BITS_RevD/LIB_LCD_INTESC_REVD.vhd        ;         ;
; Modulos/Contador_D/dias_contador.vhd                         ; yes             ; User VHDL File               ; C:/Users/erest/OneDrive/Escritorio/Carpetas/Incubadora/CodigoF/Incubadora/Modulos/Contador_D/dias_contador.vhd                         ;         ;
; Modulos/DHT11/DHT11.vhd                                      ; yes             ; User VHDL File               ; C:/Users/erest/OneDrive/Escritorio/Carpetas/Incubadora/CodigoF/Incubadora/Modulos/DHT11/DHT11.vhd                                      ;         ;
; Modulos/Contador4hrs/Contador_4Hr.vhd                        ; yes             ; User VHDL File               ; C:/Users/erest/OneDrive/Escritorio/Carpetas/Incubadora/CodigoF/Incubadora/Modulos/Contador4hrs/Contador_4Hr.vhd                        ;         ;
; Modulos/Pwm/Reductor/TimerMR.vhd                             ; yes             ; User VHDL File               ; C:/Users/erest/OneDrive/Escritorio/Carpetas/Incubadora/CodigoF/Incubadora/Modulos/Pwm/Reductor/TimerMR.vhd                             ;         ;
; Modulos/Pwm/Propela/PWM_C.vhd                                ; yes             ; User VHDL File               ; C:/Users/erest/OneDrive/Escritorio/Carpetas/Incubadora/CodigoF/Incubadora/Modulos/Pwm/Propela/PWM_C.vhd                                ;         ;
; Modulos/Humificador/Humificador.vhd                          ; yes             ; User VHDL File               ; C:/Users/erest/OneDrive/Escritorio/Carpetas/Incubadora/CodigoF/Incubadora/Modulos/Humificador/Humificador.vhd                          ;         ;
; Modulos/INTESC_LCD_8BITS_RevD/PROCESADOR_LCD_REVD.vhd        ; yes             ; User VHDL File               ; C:/Users/erest/OneDrive/Escritorio/Carpetas/Incubadora/CodigoF/Incubadora/Modulos/INTESC_LCD_8BITS_RevD/PROCESADOR_LCD_REVD.vhd        ;         ;
; Modulos/INTESC_LCD_8BITS_RevD/COMANDOS_LCD_REVD.vhd          ; yes             ; User VHDL File               ; C:/Users/erest/OneDrive/Escritorio/Carpetas/Incubadora/CodigoF/Incubadora/Modulos/INTESC_LCD_8BITS_RevD/COMANDOS_LCD_REVD.vhd          ;         ;
; Modulos/INTESC_LCD_8BITS_RevD/CARACTERES_ESPECIALES_REVD.vhd ; yes             ; User VHDL File               ; C:/Users/erest/OneDrive/Escritorio/Carpetas/Incubadora/CodigoF/Incubadora/Modulos/INTESC_LCD_8BITS_RevD/CARACTERES_ESPECIALES_REVD.vhd ;         ;
; lpm_divide.tdf                                               ; yes             ; Megafunction                 ; c:/altera/13.0sp1/quartus/libraries/megafunctions/lpm_divide.tdf                                                                       ;         ;
; abs_divider.inc                                              ; yes             ; Megafunction                 ; c:/altera/13.0sp1/quartus/libraries/megafunctions/abs_divider.inc                                                                      ;         ;
; sign_div_unsign.inc                                          ; yes             ; Megafunction                 ; c:/altera/13.0sp1/quartus/libraries/megafunctions/sign_div_unsign.inc                                                                  ;         ;
; aglobal130.inc                                               ; yes             ; Megafunction                 ; c:/altera/13.0sp1/quartus/libraries/megafunctions/aglobal130.inc                                                                       ;         ;
; db/lpm_divide_ghm.tdf                                        ; yes             ; Auto-Generated Megafunction  ; C:/Users/erest/OneDrive/Escritorio/Carpetas/Incubadora/CodigoF/Incubadora/db/lpm_divide_ghm.tdf                                        ;         ;
; db/sign_div_unsign_8kh.tdf                                   ; yes             ; Auto-Generated Megafunction  ; C:/Users/erest/OneDrive/Escritorio/Carpetas/Incubadora/CodigoF/Incubadora/db/sign_div_unsign_8kh.tdf                                   ;         ;
; db/alt_u_div_44f.tdf                                         ; yes             ; Auto-Generated Megafunction  ; C:/Users/erest/OneDrive/Escritorio/Carpetas/Incubadora/CodigoF/Incubadora/db/alt_u_div_44f.tdf                                         ;         ;
; db/add_sub_7pc.tdf                                           ; yes             ; Auto-Generated Megafunction  ; C:/Users/erest/OneDrive/Escritorio/Carpetas/Incubadora/CodigoF/Incubadora/db/add_sub_7pc.tdf                                           ;         ;
; db/add_sub_8pc.tdf                                           ; yes             ; Auto-Generated Megafunction  ; C:/Users/erest/OneDrive/Escritorio/Carpetas/Incubadora/CodigoF/Incubadora/db/add_sub_8pc.tdf                                           ;         ;
; db/lpm_divide_ccm.tdf                                        ; yes             ; Auto-Generated Megafunction  ; C:/Users/erest/OneDrive/Escritorio/Carpetas/Incubadora/CodigoF/Incubadora/db/lpm_divide_ccm.tdf                                        ;         ;
; db/sign_div_unsign_1nh.tdf                                   ; yes             ; Auto-Generated Megafunction  ; C:/Users/erest/OneDrive/Escritorio/Carpetas/Incubadora/CodigoF/Incubadora/db/sign_div_unsign_1nh.tdf                                   ;         ;
; db/alt_u_div_m9f.tdf                                         ; yes             ; Auto-Generated Megafunction  ; C:/Users/erest/OneDrive/Escritorio/Carpetas/Incubadora/CodigoF/Incubadora/db/alt_u_div_m9f.tdf                                         ;         ;
; db/lpm_divide_m9m.tdf                                        ; yes             ; Auto-Generated Megafunction  ; C:/Users/erest/OneDrive/Escritorio/Carpetas/Incubadora/CodigoF/Incubadora/db/lpm_divide_m9m.tdf                                        ;         ;
; db/sign_div_unsign_bkh.tdf                                   ; yes             ; Auto-Generated Megafunction  ; C:/Users/erest/OneDrive/Escritorio/Carpetas/Incubadora/CodigoF/Incubadora/db/sign_div_unsign_bkh.tdf                                   ;         ;
; db/alt_u_div_a4f.tdf                                         ; yes             ; Auto-Generated Megafunction  ; C:/Users/erest/OneDrive/Escritorio/Carpetas/Incubadora/CodigoF/Incubadora/db/alt_u_div_a4f.tdf                                         ;         ;
; db/lpm_divide_k9m.tdf                                        ; yes             ; Auto-Generated Megafunction  ; C:/Users/erest/OneDrive/Escritorio/Carpetas/Incubadora/CodigoF/Incubadora/db/lpm_divide_k9m.tdf                                        ;         ;
; db/sign_div_unsign_9kh.tdf                                   ; yes             ; Auto-Generated Megafunction  ; C:/Users/erest/OneDrive/Escritorio/Carpetas/Incubadora/CodigoF/Incubadora/db/sign_div_unsign_9kh.tdf                                   ;         ;
; db/alt_u_div_64f.tdf                                         ; yes             ; Auto-Generated Megafunction  ; C:/Users/erest/OneDrive/Escritorio/Carpetas/Incubadora/CodigoF/Incubadora/db/alt_u_div_64f.tdf                                         ;         ;
; db/lpm_divide_sim.tdf                                        ; yes             ; Auto-Generated Megafunction  ; C:/Users/erest/OneDrive/Escritorio/Carpetas/Incubadora/CodigoF/Incubadora/db/lpm_divide_sim.tdf                                        ;         ;
; db/sign_div_unsign_klh.tdf                                   ; yes             ; Auto-Generated Megafunction  ; C:/Users/erest/OneDrive/Escritorio/Carpetas/Incubadora/CodigoF/Incubadora/db/sign_div_unsign_klh.tdf                                   ;         ;
; db/alt_u_div_s6f.tdf                                         ; yes             ; Auto-Generated Megafunction  ; C:/Users/erest/OneDrive/Escritorio/Carpetas/Incubadora/CodigoF/Incubadora/db/alt_u_div_s6f.tdf                                         ;         ;
; db/lpm_divide_hhm.tdf                                        ; yes             ; Auto-Generated Megafunction  ; C:/Users/erest/OneDrive/Escritorio/Carpetas/Incubadora/CodigoF/Incubadora/db/lpm_divide_hhm.tdf                                        ;         ;
; db/sign_div_unsign_akh.tdf                                   ; yes             ; Auto-Generated Megafunction  ; C:/Users/erest/OneDrive/Escritorio/Carpetas/Incubadora/CodigoF/Incubadora/db/sign_div_unsign_akh.tdf                                   ;         ;
; db/alt_u_div_74f.tdf                                         ; yes             ; Auto-Generated Megafunction  ; C:/Users/erest/OneDrive/Escritorio/Carpetas/Incubadora/CodigoF/Incubadora/db/alt_u_div_74f.tdf                                         ;         ;
+--------------------------------------------------------------+-----------------+------------------------------+----------------------------------------------------------------------------------------------------------------------------------------+---------+


+---------------------------------------------------------+
; Analysis & Synthesis Resource Usage Summary             ;
+---------------------------------------------+-----------+
; Resource                                    ; Usage     ;
+---------------------------------------------+-----------+
; Estimated Total logic elements              ; 1,567     ;
;                                             ;           ;
; Total combinational functions               ; 1513      ;
; Logic element usage by number of LUT inputs ;           ;
;     -- 4 input functions                    ; 629       ;
;     -- 3 input functions                    ; 301       ;
;     -- <=2 input functions                  ; 583       ;
;                                             ;           ;
; Logic elements by mode                      ;           ;
;     -- normal mode                          ; 1111      ;
;     -- arithmetic mode                      ; 402       ;
;                                             ;           ;
; Total registers                             ; 359       ;
;     -- Dedicated logic registers            ; 359       ;
;     -- I/O registers                        ; 0         ;
;                                             ;           ;
; I/O pins                                    ; 18        ;
; Embedded Multiplier 9-bit elements          ; 0         ;
; Maximum fan-out node                        ; CLK~input ;
; Maximum fan-out                             ; 321       ;
; Total fan-out                               ; 5690      ;
; Average fan-out                             ; 2.98      ;
+---------------------------------------------+-----------+


+------------------------------------------------------------------------------------------------------------------------------------------------------------------------------------------------------------------------------------------------------------------------------------------+
; Analysis & Synthesis Resource Utilization by Entity                                                                                                                                                                                                                                      ;
+----------------------------------------+-------------------+--------------+-------------+--------------+---------+-----------+------+--------------+----------------------------------------------------------------------------------------------------------------------+--------------+
; Compilation Hierarchy Node             ; LC Combinationals ; LC Registers ; Memory Bits ; DSP Elements ; DSP 9x9 ; DSP 18x18 ; Pins ; Virtual Pins ; Full Hierarchy Name                                                                                                  ; Library Name ;
+----------------------------------------+-------------------+--------------+-------------+--------------+---------+-----------+------+--------------+----------------------------------------------------------------------------------------------------------------------+--------------+
; |LIB_LCD_INTESC_REVD                   ; 1513 (155)        ; 359 (8)      ; 0           ; 0            ; 0       ; 0         ; 18   ; 0            ; |LIB_LCD_INTESC_REVD                                                                                                 ; work         ;
;    |Contador_4Hr:U5|                   ; 43 (43)           ; 32 (32)      ; 0           ; 0            ; 0       ; 0         ; 0    ; 0            ; |LIB_LCD_INTESC_REVD|Contador_4Hr:U5                                                                                 ; work         ;
;    |DHT11:U4|                          ; 174 (174)         ; 134 (134)    ; 0           ; 0            ; 0       ; 0         ; 0    ; 0            ; |LIB_LCD_INTESC_REVD|DHT11:U4                                                                                        ; work         ;
;    |PROCESADOR_LCD_REVD:u1|            ; 498 (498)         ; 108 (108)    ; 0           ; 0            ; 0       ; 0         ; 0    ; 0            ; |LIB_LCD_INTESC_REVD|PROCESADOR_LCD_REVD:u1                                                                          ; work         ;
;    |PWM_C:u7|                          ; 29 (29)           ; 11 (11)      ; 0           ; 0            ; 0       ; 0         ; 0    ; 0            ; |LIB_LCD_INTESC_REVD|PWM_C:u7                                                                                        ; work         ;
;    |TimerMR:U6|                        ; 45 (45)           ; 33 (33)      ; 0           ; 0            ; 0       ; 0         ; 0    ; 0            ; |LIB_LCD_INTESC_REVD|TimerMR:U6                                                                                      ; work         ;
;    |dias_contador:u3|                  ; 47 (47)           ; 33 (33)      ; 0           ; 0            ; 0       ; 0         ; 0    ; 0            ; |LIB_LCD_INTESC_REVD|dias_contador:u3                                                                                ; work         ;
;    |lpm_divide:Div0|                   ; 17 (0)            ; 0 (0)        ; 0           ; 0            ; 0       ; 0         ; 0    ; 0            ; |LIB_LCD_INTESC_REVD|lpm_divide:Div0                                                                                 ; work         ;
;       |lpm_divide_ghm:auto_generated|  ; 17 (0)            ; 0 (0)        ; 0           ; 0            ; 0       ; 0         ; 0    ; 0            ; |LIB_LCD_INTESC_REVD|lpm_divide:Div0|lpm_divide_ghm:auto_generated                                                   ; work         ;
;          |sign_div_unsign_8kh:divider| ; 17 (0)            ; 0 (0)        ; 0           ; 0            ; 0       ; 0         ; 0    ; 0            ; |LIB_LCD_INTESC_REVD|lpm_divide:Div0|lpm_divide_ghm:auto_generated|sign_div_unsign_8kh:divider                       ; work         ;
;             |alt_u_div_44f:divider|    ; 17 (17)           ; 0 (0)        ; 0           ; 0            ; 0       ; 0         ; 0    ; 0            ; |LIB_LCD_INTESC_REVD|lpm_divide:Div0|lpm_divide_ghm:auto_generated|sign_div_unsign_8kh:divider|alt_u_div_44f:divider ; work         ;
;    |lpm_divide:Div1|                   ; 17 (0)            ; 0 (0)        ; 0           ; 0            ; 0       ; 0         ; 0    ; 0            ; |LIB_LCD_INTESC_REVD|lpm_divide:Div1                                                                                 ; work         ;
;       |lpm_divide_ghm:auto_generated|  ; 17 (0)            ; 0 (0)        ; 0           ; 0            ; 0       ; 0         ; 0    ; 0            ; |LIB_LCD_INTESC_REVD|lpm_divide:Div1|lpm_divide_ghm:auto_generated                                                   ; work         ;
;          |sign_div_unsign_8kh:divider| ; 17 (0)            ; 0 (0)        ; 0           ; 0            ; 0       ; 0         ; 0    ; 0            ; |LIB_LCD_INTESC_REVD|lpm_divide:Div1|lpm_divide_ghm:auto_generated|sign_div_unsign_8kh:divider                       ; work         ;
;             |alt_u_div_44f:divider|    ; 17 (17)           ; 0 (0)        ; 0           ; 0            ; 0       ; 0         ; 0    ; 0            ; |LIB_LCD_INTESC_REVD|lpm_divide:Div1|lpm_divide_ghm:auto_generated|sign_div_unsign_8kh:divider|alt_u_div_44f:divider ; work         ;
;    |lpm_divide:Div2|                   ; 30 (0)            ; 0 (0)        ; 0           ; 0            ; 0       ; 0         ; 0    ; 0            ; |LIB_LCD_INTESC_REVD|lpm_divide:Div2                                                                                 ; work         ;
;       |lpm_divide_hhm:auto_generated|  ; 30 (0)            ; 0 (0)        ; 0           ; 0            ; 0       ; 0         ; 0    ; 0            ; |LIB_LCD_INTESC_REVD|lpm_divide:Div2|lpm_divide_hhm:auto_generated                                                   ; work         ;
;          |sign_div_unsign_akh:divider| ; 30 (0)            ; 0 (0)        ; 0           ; 0            ; 0       ; 0         ; 0    ; 0            ; |LIB_LCD_INTESC_REVD|lpm_divide:Div2|lpm_divide_hhm:auto_generated|sign_div_unsign_akh:divider                       ; work         ;
;             |alt_u_div_74f:divider|    ; 30 (30)           ; 0 (0)        ; 0           ; 0            ; 0       ; 0         ; 0    ; 0            ; |LIB_LCD_INTESC_REVD|lpm_divide:Div2|lpm_divide_hhm:auto_generated|sign_div_unsign_akh:divider|alt_u_div_74f:divider ; work         ;
;    |lpm_divide:Div3|                   ; 30 (0)            ; 0 (0)        ; 0           ; 0            ; 0       ; 0         ; 0    ; 0            ; |LIB_LCD_INTESC_REVD|lpm_divide:Div3                                                                                 ; work         ;
;       |lpm_divide_hhm:auto_generated|  ; 30 (0)            ; 0 (0)        ; 0           ; 0            ; 0       ; 0         ; 0    ; 0            ; |LIB_LCD_INTESC_REVD|lpm_divide:Div3|lpm_divide_hhm:auto_generated                                                   ; work         ;
;          |sign_div_unsign_akh:divider| ; 30 (0)            ; 0 (0)        ; 0           ; 0            ; 0       ; 0         ; 0    ; 0            ; |LIB_LCD_INTESC_REVD|lpm_divide:Div3|lpm_divide_hhm:auto_generated|sign_div_unsign_akh:divider                       ; work         ;
;             |alt_u_div_74f:divider|    ; 30 (30)           ; 0 (0)        ; 0           ; 0            ; 0       ; 0         ; 0    ; 0            ; |LIB_LCD_INTESC_REVD|lpm_divide:Div3|lpm_divide_hhm:auto_generated|sign_div_unsign_akh:divider|alt_u_div_74f:divider ; work         ;
;    |lpm_divide:Div4|                   ; 57 (0)            ; 0 (0)        ; 0           ; 0            ; 0       ; 0         ; 0    ; 0            ; |LIB_LCD_INTESC_REVD|lpm_divide:Div4                                                                                 ; work         ;
;       |lpm_divide_sim:auto_generated|  ; 57 (0)            ; 0 (0)        ; 0           ; 0            ; 0       ; 0         ; 0    ; 0            ; |LIB_LCD_INTESC_REVD|lpm_divide:Div4|lpm_divide_sim:auto_generated                                                   ; work         ;
;          |sign_div_unsign_klh:divider| ; 57 (0)            ; 0 (0)        ; 0           ; 0            ; 0       ; 0         ; 0    ; 0            ; |LIB_LCD_INTESC_REVD|lpm_divide:Div4|lpm_divide_sim:auto_generated|sign_div_unsign_klh:divider                       ; work         ;
;             |alt_u_div_s6f:divider|    ; 57 (57)           ; 0 (0)        ; 0           ; 0            ; 0       ; 0         ; 0    ; 0            ; |LIB_LCD_INTESC_REVD|lpm_divide:Div4|lpm_divide_sim:auto_generated|sign_div_unsign_klh:divider|alt_u_div_s6f:divider ; work         ;
;    |lpm_divide:Div5|                   ; 57 (0)            ; 0 (0)        ; 0           ; 0            ; 0       ; 0         ; 0    ; 0            ; |LIB_LCD_INTESC_REVD|lpm_divide:Div5                                                                                 ; work         ;
;       |lpm_divide_sim:auto_generated|  ; 57 (0)            ; 0 (0)        ; 0           ; 0            ; 0       ; 0         ; 0    ; 0            ; |LIB_LCD_INTESC_REVD|lpm_divide:Div5|lpm_divide_sim:auto_generated                                                   ; work         ;
;          |sign_div_unsign_klh:divider| ; 57 (0)            ; 0 (0)        ; 0           ; 0            ; 0       ; 0         ; 0    ; 0            ; |LIB_LCD_INTESC_REVD|lpm_divide:Div5|lpm_divide_sim:auto_generated|sign_div_unsign_klh:divider                       ; work         ;
;             |alt_u_div_s6f:divider|    ; 57 (57)           ; 0 (0)        ; 0           ; 0            ; 0       ; 0         ; 0    ; 0            ; |LIB_LCD_INTESC_REVD|lpm_divide:Div5|lpm_divide_sim:auto_generated|sign_div_unsign_klh:divider|alt_u_div_s6f:divider ; work         ;
;    |lpm_divide:Mod0|                   ; 20 (0)            ; 0 (0)        ; 0           ; 0            ; 0       ; 0         ; 0    ; 0            ; |LIB_LCD_INTESC_REVD|lpm_divide:Mod0                                                                                 ; work         ;
;       |lpm_divide_k9m:auto_generated|  ; 20 (0)            ; 0 (0)        ; 0           ; 0            ; 0       ; 0         ; 0    ; 0            ; |LIB_LCD_INTESC_REVD|lpm_divide:Mod0|lpm_divide_k9m:auto_generated                                                   ; work         ;
;          |sign_div_unsign_9kh:divider| ; 20 (0)            ; 0 (0)        ; 0           ; 0            ; 0       ; 0         ; 0    ; 0            ; |LIB_LCD_INTESC_REVD|lpm_divide:Mod0|lpm_divide_k9m:auto_generated|sign_div_unsign_9kh:divider                       ; work         ;
;             |alt_u_div_64f:divider|    ; 20 (20)           ; 0 (0)        ; 0           ; 0            ; 0       ; 0         ; 0    ; 0            ; |LIB_LCD_INTESC_REVD|lpm_divide:Mod0|lpm_divide_k9m:auto_generated|sign_div_unsign_9kh:divider|alt_u_div_64f:divider ; work         ;
;    |lpm_divide:Mod1|                   ; 20 (0)            ; 0 (0)        ; 0           ; 0            ; 0       ; 0         ; 0    ; 0            ; |LIB_LCD_INTESC_REVD|lpm_divide:Mod1                                                                                 ; work         ;
;       |lpm_divide_k9m:auto_generated|  ; 20 (0)            ; 0 (0)        ; 0           ; 0            ; 0       ; 0         ; 0    ; 0            ; |LIB_LCD_INTESC_REVD|lpm_divide:Mod1|lpm_divide_k9m:auto_generated                                                   ; work         ;
;          |sign_div_unsign_9kh:divider| ; 20 (0)            ; 0 (0)        ; 0           ; 0            ; 0       ; 0         ; 0    ; 0            ; |LIB_LCD_INTESC_REVD|lpm_divide:Mod1|lpm_divide_k9m:auto_generated|sign_div_unsign_9kh:divider                       ; work         ;
;             |alt_u_div_64f:divider|    ; 20 (20)           ; 0 (0)        ; 0           ; 0            ; 0       ; 0         ; 0    ; 0            ; |LIB_LCD_INTESC_REVD|lpm_divide:Mod1|lpm_divide_k9m:auto_generated|sign_div_unsign_9kh:divider|alt_u_div_64f:divider ; work         ;
;    |lpm_divide:Mod2|                   ; 36 (0)            ; 0 (0)        ; 0           ; 0            ; 0       ; 0         ; 0    ; 0            ; |LIB_LCD_INTESC_REVD|lpm_divide:Mod2                                                                                 ; work         ;
;       |lpm_divide_m9m:auto_generated|  ; 36 (0)            ; 0 (0)        ; 0           ; 0            ; 0       ; 0         ; 0    ; 0            ; |LIB_LCD_INTESC_REVD|lpm_divide:Mod2|lpm_divide_m9m:auto_generated                                                   ; work         ;
;          |sign_div_unsign_bkh:divider| ; 36 (0)            ; 0 (0)        ; 0           ; 0            ; 0       ; 0         ; 0    ; 0            ; |LIB_LCD_INTESC_REVD|lpm_divide:Mod2|lpm_divide_m9m:auto_generated|sign_div_unsign_bkh:divider                       ; work         ;
;             |alt_u_div_a4f:divider|    ; 36 (36)           ; 0 (0)        ; 0           ; 0            ; 0       ; 0         ; 0    ; 0            ; |LIB_LCD_INTESC_REVD|lpm_divide:Mod2|lpm_divide_m9m:auto_generated|sign_div_unsign_bkh:divider|alt_u_div_a4f:divider ; work         ;
;    |lpm_divide:Mod3|                   ; 36 (0)            ; 0 (0)        ; 0           ; 0            ; 0       ; 0         ; 0    ; 0            ; |LIB_LCD_INTESC_REVD|lpm_divide:Mod3                                                                                 ; work         ;
;       |lpm_divide_m9m:auto_generated|  ; 36 (0)            ; 0 (0)        ; 0           ; 0            ; 0       ; 0         ; 0    ; 0            ; |LIB_LCD_INTESC_REVD|lpm_divide:Mod3|lpm_divide_m9m:auto_generated                                                   ; work         ;
;          |sign_div_unsign_bkh:divider| ; 36 (0)            ; 0 (0)        ; 0           ; 0            ; 0       ; 0         ; 0    ; 0            ; |LIB_LCD_INTESC_REVD|lpm_divide:Mod3|lpm_divide_m9m:auto_generated|sign_div_unsign_bkh:divider                       ; work         ;
;             |alt_u_div_a4f:divider|    ; 36 (36)           ; 0 (0)        ; 0           ; 0            ; 0       ; 0         ; 0    ; 0            ; |LIB_LCD_INTESC_REVD|lpm_divide:Mod3|lpm_divide_m9m:auto_generated|sign_div_unsign_bkh:divider|alt_u_div_a4f:divider ; work         ;
;    |lpm_divide:Mod4|                   ; 101 (0)           ; 0 (0)        ; 0           ; 0            ; 0       ; 0         ; 0    ; 0            ; |LIB_LCD_INTESC_REVD|lpm_divide:Mod4                                                                                 ; work         ;
;       |lpm_divide_ccm:auto_generated|  ; 101 (0)           ; 0 (0)        ; 0           ; 0            ; 0       ; 0         ; 0    ; 0            ; |LIB_LCD_INTESC_REVD|lpm_divide:Mod4|lpm_divide_ccm:auto_generated                                                   ; work         ;
;          |sign_div_unsign_1nh:divider| ; 101 (0)           ; 0 (0)        ; 0           ; 0            ; 0       ; 0         ; 0    ; 0            ; |LIB_LCD_INTESC_REVD|lpm_divide:Mod4|lpm_divide_ccm:auto_generated|sign_div_unsign_1nh:divider                       ; work         ;
;             |alt_u_div_m9f:divider|    ; 101 (101)         ; 0 (0)        ; 0           ; 0            ; 0       ; 0         ; 0    ; 0            ; |LIB_LCD_INTESC_REVD|lpm_divide:Mod4|lpm_divide_ccm:auto_generated|sign_div_unsign_1nh:divider|alt_u_div_m9f:divider ; work         ;
;    |lpm_divide:Mod5|                   ; 101 (0)           ; 0 (0)        ; 0           ; 0            ; 0       ; 0         ; 0    ; 0            ; |LIB_LCD_INTESC_REVD|lpm_divide:Mod5                                                                                 ; work         ;
;       |lpm_divide_ccm:auto_generated|  ; 101 (0)           ; 0 (0)        ; 0           ; 0            ; 0       ; 0         ; 0    ; 0            ; |LIB_LCD_INTESC_REVD|lpm_divide:Mod5|lpm_divide_ccm:auto_generated                                                   ; work         ;
;          |sign_div_unsign_1nh:divider| ; 101 (0)           ; 0 (0)        ; 0           ; 0            ; 0       ; 0         ; 0    ; 0            ; |LIB_LCD_INTESC_REVD|lpm_divide:Mod5|lpm_divide_ccm:auto_generated|sign_div_unsign_1nh:divider                       ; work         ;
;             |alt_u_div_m9f:divider|    ; 101 (101)         ; 0 (0)        ; 0           ; 0            ; 0       ; 0         ; 0    ; 0            ; |LIB_LCD_INTESC_REVD|lpm_divide:Mod5|lpm_divide_ccm:auto_generated|sign_div_unsign_1nh:divider|alt_u_div_m9f:divider ; work         ;
+----------------------------------------+-------------------+--------------+-------------+--------------+---------+-----------+------+--------------+----------------------------------------------------------------------------------------------------------------------+--------------+
Note: For table entries with two numbers listed, the numbers in parentheses indicate the number of resources of the given type used by the specific entity alone. The numbers listed outside of parentheses indicate the total resources of the given type used by the specific entity and all of its sub-entities in the hierarchy.


+------------------------------------------------------------------------------------------------------------------+
; Registers Removed During Synthesis                                                                               ;
+-------------------------------------------------------------+----------------------------------------------------+
; Register name                                               ; Reason for Removal                                 ;
+-------------------------------------------------------------+----------------------------------------------------+
; Velocidad[8,9]                                              ; Merged with Velocidad[1]                           ;
; PROCESADOR_LCD_REVD:u1|vec_c_char[1]                        ; Merged with PROCESADOR_LCD_REVD:u1|vec_c_char[0]   ;
; PROCESADOR_LCD_REVD:u1|vec_c_char[7,17]                     ; Merged with PROCESADOR_LCD_REVD:u1|vec_c_char[10]  ;
; PROCESADOR_LCD_REVD:u1|vec_c_char[9]                        ; Merged with PROCESADOR_LCD_REVD:u1|vec_c_char[14]  ;
; PROCESADOR_LCD_REVD:u1|vec_c_char[36]                       ; Merged with PROCESADOR_LCD_REVD:u1|vec_c_char[11]  ;
; PROCESADOR_LCD_REVD:u1|vec_c_char[16,35]                    ; Merged with PROCESADOR_LCD_REVD:u1|vec_c_char[15]  ;
; PROCESADOR_LCD_REVD:u1|vec_c_char[23]                       ; Merged with PROCESADOR_LCD_REVD:u1|vec_c_char[19]  ;
; PROCESADOR_LCD_REVD:u1|vec_c_char[21,22,25..27,30]          ; Merged with PROCESADOR_LCD_REVD:u1|vec_c_char[20]  ;
; PROCESADOR_LCD_REVD:u1|vec_c_char[29]                       ; Merged with PROCESADOR_LCD_REVD:u1|vec_c_char[24]  ;
; PROCESADOR_LCD_REVD:u1|vec_c_char[31,33]                    ; Merged with PROCESADOR_LCD_REVD:u1|vec_c_char[28]  ;
; PROCESADOR_LCD_REVD:u1|vec_c_char[37..39]                   ; Merged with PROCESADOR_LCD_REVD:u1|vec_c_char[34]  ;
; PROCESADOR_LCD_REVD:u1|vec_ram[1,2,7]                       ; Merged with PROCESADOR_LCD_REVD:u1|vec_ram[0]      ;
; PROCESADOR_LCD_REVD:u1|vec_l_ram[3..7]                      ; Stuck at GND due to stuck port data_in             ;
; PROCESADOR_LCD_REVD:u1|vec_ram[0]                           ; Stuck at GND due to stuck port data_in             ;
; Humificador:U8|down_prev                                    ; Stuck at GND due to stuck port data_in             ;
; DHT11:U4|DATA~reg0                                          ; Stuck at GND due to stuck port data_in             ;
; Humificador:U8|down_activated                               ; Stuck at GND due to stuck port data_in             ;
; Humificador:U8|state[3..31]                                 ; Stuck at GND due to stuck port data_in             ;
; Humificador:U8|HmOut                                        ; Stuck at VCC due to stuck port data_in             ;
; Humificador:U8|state[0..2]                                  ; Stuck at GND due to stuck port data_in             ;
; Humificador:U8|counter[0..31]                               ; Stuck at GND due to stuck port data_in             ;
; Velocidad[1]                                                ; Stuck at GND due to stuck port data_in             ;
; PROCESADOR_LCD_REVD:u1|RW                                   ; Stuck at GND due to stuck port data_in             ;
; PROCESADOR_LCD_REVD:u1|ciclo_enable[0..2,4..6,10,11,13..15] ; Stuck at GND due to stuck port data_in             ;
; PROCESADOR_LCD_REVD:u1|ciclo_enable[12]                     ; Merged with PROCESADOR_LCD_REVD:u1|ciclo_enable[9] ;
; PROCESADOR_LCD_REVD:u1|ciclo_enable[9]                      ; Merged with PROCESADOR_LCD_REVD:u1|ciclo_enable[8] ;
; PROCESADOR_LCD_REVD:u1|ciclo_enable[8]                      ; Merged with PROCESADOR_LCD_REVD:u1|ciclo_enable[7] ;
; PROCESADOR_LCD_REVD:u1|ciclo_enable[7]                      ; Merged with PROCESADOR_LCD_REVD:u1|ciclo_enable[3] ;
; Total Number of Removed Registers = 116                     ;                                                    ;
+-------------------------------------------------------------+----------------------------------------------------+


+-----------------------------------------------------------------------------------------------------------------------------------------+
; Removed Registers Triggering Further Register Optimizations                                                                             ;
+-------------------------------+---------------------------+-----------------------------------------------------------------------------+
; Register name                 ; Reason for Removal        ; Registers Removed due to This Register                                      ;
+-------------------------------+---------------------------+-----------------------------------------------------------------------------+
; Humificador:U8|down_activated ; Stuck at GND              ; Humificador:U8|HmOut, Humificador:U8|counter[1], Humificador:U8|counter[31] ;
;                               ; due to stuck port data_in ;                                                                             ;
+-------------------------------+---------------------------+-----------------------------------------------------------------------------+


+------------------------------------------------------+
; General Register Statistics                          ;
+----------------------------------------------+-------+
; Statistic                                    ; Value ;
+----------------------------------------------+-------+
; Total registers                              ; 359   ;
; Number of registers using Synchronous Clear  ; 150   ;
; Number of registers using Synchronous Load   ; 8     ;
; Number of registers using Asynchronous Clear ; 85    ;
; Number of registers using Asynchronous Load  ; 0     ;
; Number of registers using Clock Enable       ; 213   ;
; Number of registers using Preset             ; 0     ;
+----------------------------------------------+-------+


+--------------------------------------------------+
; Inverted Register Statistics                     ;
+----------------------------------------+---------+
; Inverted Register                      ; Fan out ;
+----------------------------------------+---------+
; TimerMR:U6|active                      ; 4       ;
; Velocidad[6]                           ; 1       ;
; Velocidad[5]                           ; 1       ;
; Velocidad[2]                           ; 1       ;
; DHT11:U4|i[5]                          ; 12      ;
; DHT11:U4|i[3]                          ; 12      ;
; Total number of inverted registers = 6 ;         ;
+----------------------------------------+---------+


+--------------------------------------------------------------------------------------------------------------------------------------------------------------------------+
; Multiplexer Restructuring Statistics (Restructuring Performed)                                                                                                           ;
+--------------------+-----------+---------------+----------------------+------------------------+------------+------------------------------------------------------------+
; Multiplexer Inputs ; Bus Width ; Baseline Area ; Area if Restructured ; Saving if Restructured ; Registered ; Example Multiplexer Output                                 ;
+--------------------+-----------+---------------+----------------------+------------------------+------------+------------------------------------------------------------+
; 3:1                ; 16 bits   ; 32 LEs        ; 0 LEs                ; 32 LEs                 ; Yes        ; |LIB_LCD_INTESC_REVD|DHT11:U4|RH[0]                        ;
; 3:1                ; 6 bits    ; 12 LEs        ; 6 LEs                ; 6 LEs                  ; Yes        ; |LIB_LCD_INTESC_REVD|PROCESADOR_LCD_REVD:u1|dir_mem_s[2]   ;
; 3:1                ; 26 bits   ; 52 LEs        ; 0 LEs                ; 52 LEs                 ; Yes        ; |LIB_LCD_INTESC_REVD|DHT11:U4|cont2[13]                    ;
; 3:1                ; 4 bits    ; 8 LEs         ; 4 LEs                ; 4 LEs                  ; Yes        ; |LIB_LCD_INTESC_REVD|DHT11:U4|i[2]                         ;
; 3:1                ; 31 bits   ; 62 LEs        ; 31 LEs               ; 31 LEs                 ; Yes        ; |LIB_LCD_INTESC_REVD|TimerMR:U6|counter[4]                 ;
; 6:1                ; 2 bits    ; 8 LEs         ; 4 LEs                ; 4 LEs                  ; Yes        ; |LIB_LCD_INTESC_REVD|PROCESADOR_LCD_REVD:u1|edo_enable[0]  ;
; 7:1                ; 5 bits    ; 20 LEs        ; 15 LEs               ; 5 LEs                  ; Yes        ; |LIB_LCD_INTESC_REVD|Velocidad[7]                          ;
; 128:1              ; 18 bits   ; 1530 LEs      ; 162 LEs              ; 1368 LEs               ; Yes        ; |LIB_LCD_INTESC_REVD|PROCESADOR_LCD_REVD:u1|RS             ;
; 128:1              ; 2 bits    ; 170 LEs       ; 12 LEs               ; 158 LEs                ; Yes        ; |LIB_LCD_INTESC_REVD|PROCESADOR_LCD_REVD:u1|DATA[5]        ;
; 9:1                ; 5 bits    ; 30 LEs        ; 15 LEs               ; 15 LEs                 ; Yes        ; |LIB_LCD_INTESC_REVD|PROCESADOR_LCD_REVD:u1|data_s[7]      ;
; 9:1                ; 3 bits    ; 18 LEs        ; 15 LEs               ; 3 LEs                  ; Yes        ; |LIB_LCD_INTESC_REVD|PROCESADOR_LCD_REVD:u1|vec_l_ram[2]   ;
; 9:1                ; 23 bits   ; 138 LEs       ; 115 LEs              ; 23 LEs                 ; Yes        ; |LIB_LCD_INTESC_REVD|PROCESADOR_LCD_REVD:u1|vec_ram[5]     ;
; 13:1               ; 22 bits   ; 176 LEs       ; 22 LEs               ; 154 LEs                ; Yes        ; |LIB_LCD_INTESC_REVD|PROCESADOR_LCD_REVD:u1|conta_delay[6] ;
; 3:1                ; 2 bits    ; 4 LEs         ; 2 LEs                ; 2 LEs                  ; Yes        ; |LIB_LCD_INTESC_REVD|DHT11:U4|i[5]                         ;
; 7:1                ; 3 bits    ; 12 LEs        ; 6 LEs                ; 6 LEs                  ; Yes        ; |LIB_LCD_INTESC_REVD|Velocidad[5]                          ;
; 41:1               ; 4 bits    ; 108 LEs       ; 92 LEs               ; 16 LEs                 ; No         ; |LIB_LCD_INTESC_REVD|Mux5                                  ;
+--------------------+-----------+---------------+----------------------+------------------------+------------+------------------------------------------------------------+


+-------------------------------------------------------------------------------------+
; Parameter Settings for User Entity Instance: Top-level Entity: |LIB_LCD_INTESC_REVD ;
+----------------+----------+---------------------------------------------------------+
; Parameter Name ; Value    ; Type                                                    ;
+----------------+----------+---------------------------------------------------------+
; FPGA_CLK       ; 50000000 ; Signed Integer                                          ;
+----------------+----------+---------------------------------------------------------+
Note: In order to hide this table in the UI and the text report file, please set the "Show Parameter Settings in Synthesis Report" option in "Analysis and Synthesis Settings -> More Settings" to "Off".


+---------------------------------------------------------------------+
; Parameter Settings for User Entity Instance: PROCESADOR_LCD_REVD:u1 ;
+----------------+----------+-----------------------------------------+
; Parameter Name ; Value    ; Type                                    ;
+----------------+----------+-----------------------------------------+
; fpga_clk       ; 50000000 ; Signed Integer                          ;
; num_inst       ; 40       ; Signed Integer                          ;
+----------------+----------+-----------------------------------------+
Note: In order to hide this table in the UI and the text report file, please set the "Show Parameter Settings in Synthesis Report" option in "Analysis and Synthesis Settings -> More Settings" to "Off".


+-------------------------------------------------------+
; Parameter Settings for User Entity Instance: DHT11:U4 ;
+----------------+----------+---------------------------+
; Parameter Name ; Value    ; Type                      ;
+----------------+----------+---------------------------+
; clk_fpga       ; 50000000 ; Signed Integer            ;
+----------------+----------+---------------------------+
Note: In order to hide this table in the UI and the text report file, please set the "Show Parameter Settings in Synthesis Report" option in "Analysis and Synthesis Settings -> More Settings" to "Off".


+---------------------------------------------------------+
; Parameter Settings for User Entity Instance: TimerMR:U6 ;
+---------------------+-------+---------------------------+
; Parameter Name      ; Value ; Type                      ;
+---------------------+-------+---------------------------+
; activation_time_sec ; 30    ; Signed Integer            ;
+---------------------+-------+---------------------------+
Note: In order to hide this table in the UI and the text report file, please set the "Show Parameter Settings in Synthesis Report" option in "Analysis and Synthesis Settings -> More Settings" to "Off".


+------------------------------------------------------------------+
; Parameter Settings for Inferred Entity Instance: lpm_divide:Div1 ;
+------------------------+----------------+------------------------+
; Parameter Name         ; Value          ; Type                   ;
+------------------------+----------------+------------------------+
; LPM_WIDTHN             ; 5              ; Untyped                ;
; LPM_WIDTHD             ; 4              ; Untyped                ;
; LPM_NREPRESENTATION    ; UNSIGNED       ; Untyped                ;
; LPM_DREPRESENTATION    ; UNSIGNED       ; Untyped                ;
; LPM_PIPELINE           ; 0              ; Untyped                ;
; LPM_REMAINDERPOSITIVE  ; TRUE           ; Untyped                ;
; MAXIMIZE_SPEED         ; 5              ; Untyped                ;
; CBXI_PARAMETER         ; lpm_divide_ghm ; Untyped                ;
; CARRY_CHAIN            ; MANUAL         ; Untyped                ;
; OPTIMIZE_FOR_SPEED     ; 5              ; Untyped                ;
; AUTO_CARRY_CHAINS      ; ON             ; AUTO_CARRY             ;
; IGNORE_CARRY_BUFFERS   ; OFF            ; IGNORE_CARRY           ;
; AUTO_CASCADE_CHAINS    ; ON             ; AUTO_CASCADE           ;
; IGNORE_CASCADE_BUFFERS ; OFF            ; IGNORE_CASCADE         ;
+------------------------+----------------+------------------------+
Note: In order to hide this table in the UI and the text report file, please set the "Show Parameter Settings in Synthesis Report" option in "Analysis and Synthesis Settings -> More Settings" to "Off".


+------------------------------------------------------------------+
; Parameter Settings for Inferred Entity Instance: lpm_divide:Mod5 ;
+------------------------+----------------+------------------------+
; Parameter Name         ; Value          ; Type                   ;
+------------------------+----------------+------------------------+
; LPM_WIDTHN             ; 10             ; Untyped                ;
; LPM_WIDTHD             ; 10             ; Untyped                ;
; LPM_NREPRESENTATION    ; UNSIGNED       ; Untyped                ;
; LPM_DREPRESENTATION    ; UNSIGNED       ; Untyped                ;
; LPM_PIPELINE           ; 0              ; Untyped                ;
; LPM_REMAINDERPOSITIVE  ; TRUE           ; Untyped                ;
; MAXIMIZE_SPEED         ; 5              ; Untyped                ;
; CBXI_PARAMETER         ; lpm_divide_ccm ; Untyped                ;
; CARRY_CHAIN            ; MANUAL         ; Untyped                ;
; OPTIMIZE_FOR_SPEED     ; 5              ; Untyped                ;
; AUTO_CARRY_CHAINS      ; ON             ; AUTO_CARRY             ;
; IGNORE_CARRY_BUFFERS   ; OFF            ; IGNORE_CARRY           ;
; AUTO_CASCADE_CHAINS    ; ON             ; AUTO_CASCADE           ;
; IGNORE_CASCADE_BUFFERS ; OFF            ; IGNORE_CASCADE         ;
+------------------------+----------------+------------------------+
Note: In order to hide this table in the UI and the text report file, please set the "Show Parameter Settings in Synthesis Report" option in "Analysis and Synthesis Settings -> More Settings" to "Off".


+------------------------------------------------------------------+
; Parameter Settings for Inferred Entity Instance: lpm_divide:Mod4 ;
+------------------------+----------------+------------------------+
; Parameter Name         ; Value          ; Type                   ;
+------------------------+----------------+------------------------+
; LPM_WIDTHN             ; 10             ; Untyped                ;
; LPM_WIDTHD             ; 10             ; Untyped                ;
; LPM_NREPRESENTATION    ; UNSIGNED       ; Untyped                ;
; LPM_DREPRESENTATION    ; UNSIGNED       ; Untyped                ;
; LPM_PIPELINE           ; 0              ; Untyped                ;
; LPM_REMAINDERPOSITIVE  ; TRUE           ; Untyped                ;
; MAXIMIZE_SPEED         ; 5              ; Untyped                ;
; CBXI_PARAMETER         ; lpm_divide_ccm ; Untyped                ;
; CARRY_CHAIN            ; MANUAL         ; Untyped                ;
; OPTIMIZE_FOR_SPEED     ; 5              ; Untyped                ;
; AUTO_CARRY_CHAINS      ; ON             ; AUTO_CARRY             ;
; IGNORE_CARRY_BUFFERS   ; OFF            ; IGNORE_CARRY           ;
; AUTO_CASCADE_CHAINS    ; ON             ; AUTO_CASCADE           ;
; IGNORE_CASCADE_BUFFERS ; OFF            ; IGNORE_CASCADE         ;
+------------------------+----------------+------------------------+
Note: In order to hide this table in the UI and the text report file, please set the "Show Parameter Settings in Synthesis Report" option in "Analysis and Synthesis Settings -> More Settings" to "Off".


+------------------------------------------------------------------+
; Parameter Settings for Inferred Entity Instance: lpm_divide:Div0 ;
+------------------------+----------------+------------------------+
; Parameter Name         ; Value          ; Type                   ;
+------------------------+----------------+------------------------+
; LPM_WIDTHN             ; 5              ; Untyped                ;
; LPM_WIDTHD             ; 4              ; Untyped                ;
; LPM_NREPRESENTATION    ; UNSIGNED       ; Untyped                ;
; LPM_DREPRESENTATION    ; UNSIGNED       ; Untyped                ;
; LPM_PIPELINE           ; 0              ; Untyped                ;
; LPM_REMAINDERPOSITIVE  ; TRUE           ; Untyped                ;
; MAXIMIZE_SPEED         ; 5              ; Untyped                ;
; CBXI_PARAMETER         ; lpm_divide_ghm ; Untyped                ;
; CARRY_CHAIN            ; MANUAL         ; Untyped                ;
; OPTIMIZE_FOR_SPEED     ; 5              ; Untyped                ;
; AUTO_CARRY_CHAINS      ; ON             ; AUTO_CARRY             ;
; IGNORE_CARRY_BUFFERS   ; OFF            ; IGNORE_CARRY           ;
; AUTO_CASCADE_CHAINS    ; ON             ; AUTO_CASCADE           ;
; IGNORE_CASCADE_BUFFERS ; OFF            ; IGNORE_CASCADE         ;
+------------------------+----------------+------------------------+
Note: In order to hide this table in the UI and the text report file, please set the "Show Parameter Settings in Synthesis Report" option in "Analysis and Synthesis Settings -> More Settings" to "Off".


+------------------------------------------------------------------+
; Parameter Settings for Inferred Entity Instance: lpm_divide:Mod3 ;
+------------------------+----------------+------------------------+
; Parameter Name         ; Value          ; Type                   ;
+------------------------+----------------+------------------------+
; LPM_WIDTHN             ; 6              ; Untyped                ;
; LPM_WIDTHD             ; 6              ; Untyped                ;
; LPM_NREPRESENTATION    ; UNSIGNED       ; Untyped                ;
; LPM_DREPRESENTATION    ; UNSIGNED       ; Untyped                ;
; LPM_PIPELINE           ; 0              ; Untyped                ;
; LPM_REMAINDERPOSITIVE  ; TRUE           ; Untyped                ;
; MAXIMIZE_SPEED         ; 5              ; Untyped                ;
; CBXI_PARAMETER         ; lpm_divide_m9m ; Untyped                ;
; CARRY_CHAIN            ; MANUAL         ; Untyped                ;
; OPTIMIZE_FOR_SPEED     ; 5              ; Untyped                ;
; AUTO_CARRY_CHAINS      ; ON             ; AUTO_CARRY             ;
; IGNORE_CARRY_BUFFERS   ; OFF            ; IGNORE_CARRY           ;
; AUTO_CASCADE_CHAINS    ; ON             ; AUTO_CASCADE           ;
; IGNORE_CASCADE_BUFFERS ; OFF            ; IGNORE_CASCADE         ;
+------------------------+----------------+------------------------+
Note: In order to hide this table in the UI and the text report file, please set the "Show Parameter Settings in Synthesis Report" option in "Analysis and Synthesis Settings -> More Settings" to "Off".


+------------------------------------------------------------------+
; Parameter Settings for Inferred Entity Instance: lpm_divide:Mod0 ;
+------------------------+----------------+------------------------+
; Parameter Name         ; Value          ; Type                   ;
+------------------------+----------------+------------------------+
; LPM_WIDTHN             ; 5              ; Untyped                ;
; LPM_WIDTHD             ; 5              ; Untyped                ;
; LPM_NREPRESENTATION    ; UNSIGNED       ; Untyped                ;
; LPM_DREPRESENTATION    ; UNSIGNED       ; Untyped                ;
; LPM_PIPELINE           ; 0              ; Untyped                ;
; LPM_REMAINDERPOSITIVE  ; TRUE           ; Untyped                ;
; MAXIMIZE_SPEED         ; 5              ; Untyped                ;
; CBXI_PARAMETER         ; lpm_divide_k9m ; Untyped                ;
; CARRY_CHAIN            ; MANUAL         ; Untyped                ;
; OPTIMIZE_FOR_SPEED     ; 5              ; Untyped                ;
; AUTO_CARRY_CHAINS      ; ON             ; AUTO_CARRY             ;
; IGNORE_CARRY_BUFFERS   ; OFF            ; IGNORE_CARRY           ;
; AUTO_CASCADE_CHAINS    ; ON             ; AUTO_CASCADE           ;
; IGNORE_CASCADE_BUFFERS ; OFF            ; IGNORE_CASCADE         ;
+------------------------+----------------+------------------------+
Note: In order to hide this table in the UI and the text report file, please set the "Show Parameter Settings in Synthesis Report" option in "Analysis and Synthesis Settings -> More Settings" to "Off".


+------------------------------------------------------------------+
; Parameter Settings for Inferred Entity Instance: lpm_divide:Div5 ;
+------------------------+----------------+------------------------+
; Parameter Name         ; Value          ; Type                   ;
+------------------------+----------------+------------------------+
; LPM_WIDTHN             ; 10             ; Untyped                ;
; LPM_WIDTHD             ; 4              ; Untyped                ;
; LPM_NREPRESENTATION    ; UNSIGNED       ; Untyped                ;
; LPM_DREPRESENTATION    ; UNSIGNED       ; Untyped                ;
; LPM_PIPELINE           ; 0              ; Untyped                ;
; LPM_REMAINDERPOSITIVE  ; TRUE           ; Untyped                ;
; MAXIMIZE_SPEED         ; 5              ; Untyped                ;
; CBXI_PARAMETER         ; lpm_divide_sim ; Untyped                ;
; CARRY_CHAIN            ; MANUAL         ; Untyped                ;
; OPTIMIZE_FOR_SPEED     ; 5              ; Untyped                ;
; AUTO_CARRY_CHAINS      ; ON             ; AUTO_CARRY             ;
; IGNORE_CARRY_BUFFERS   ; OFF            ; IGNORE_CARRY           ;
; AUTO_CASCADE_CHAINS    ; ON             ; AUTO_CASCADE           ;
; IGNORE_CASCADE_BUFFERS ; OFF            ; IGNORE_CASCADE         ;
+------------------------+----------------+------------------------+
Note: In order to hide this table in the UI and the text report file, please set the "Show Parameter Settings in Synthesis Report" option in "Analysis and Synthesis Settings -> More Settings" to "Off".


+------------------------------------------------------------------+
; Parameter Settings for Inferred Entity Instance: lpm_divide:Div3 ;
+------------------------+----------------+------------------------+
; Parameter Name         ; Value          ; Type                   ;
+------------------------+----------------+------------------------+
; LPM_WIDTHN             ; 6              ; Untyped                ;
; LPM_WIDTHD             ; 4              ; Untyped                ;
; LPM_NREPRESENTATION    ; UNSIGNED       ; Untyped                ;
; LPM_DREPRESENTATION    ; UNSIGNED       ; Untyped                ;
; LPM_PIPELINE           ; 0              ; Untyped                ;
; LPM_REMAINDERPOSITIVE  ; TRUE           ; Untyped                ;
; MAXIMIZE_SPEED         ; 5              ; Untyped                ;
; CBXI_PARAMETER         ; lpm_divide_hhm ; Untyped                ;
; CARRY_CHAIN            ; MANUAL         ; Untyped                ;
; OPTIMIZE_FOR_SPEED     ; 5              ; Untyped                ;
; AUTO_CARRY_CHAINS      ; ON             ; AUTO_CARRY             ;
; IGNORE_CARRY_BUFFERS   ; OFF            ; IGNORE_CARRY           ;
; AUTO_CASCADE_CHAINS    ; ON             ; AUTO_CASCADE           ;
; IGNORE_CASCADE_BUFFERS ; OFF            ; IGNORE_CASCADE         ;
+------------------------+----------------+------------------------+
Note: In order to hide this table in the UI and the text report file, please set the "Show Parameter Settings in Synthesis Report" option in "Analysis and Synthesis Settings -> More Settings" to "Off".


+------------------------------------------------------------------+
; Parameter Settings for Inferred Entity Instance: lpm_divide:Div4 ;
+------------------------+----------------+------------------------+
; Parameter Name         ; Value          ; Type                   ;
+------------------------+----------------+------------------------+
; LPM_WIDTHN             ; 10             ; Untyped                ;
; LPM_WIDTHD             ; 4              ; Untyped                ;
; LPM_NREPRESENTATION    ; UNSIGNED       ; Untyped                ;
; LPM_DREPRESENTATION    ; UNSIGNED       ; Untyped                ;
; LPM_PIPELINE           ; 0              ; Untyped                ;
; LPM_REMAINDERPOSITIVE  ; TRUE           ; Untyped                ;
; MAXIMIZE_SPEED         ; 5              ; Untyped                ;
; CBXI_PARAMETER         ; lpm_divide_sim ; Untyped                ;
; CARRY_CHAIN            ; MANUAL         ; Untyped                ;
; OPTIMIZE_FOR_SPEED     ; 5              ; Untyped                ;
; AUTO_CARRY_CHAINS      ; ON             ; AUTO_CARRY             ;
; IGNORE_CARRY_BUFFERS   ; OFF            ; IGNORE_CARRY           ;
; AUTO_CASCADE_CHAINS    ; ON             ; AUTO_CASCADE           ;
; IGNORE_CASCADE_BUFFERS ; OFF            ; IGNORE_CASCADE         ;
+------------------------+----------------+------------------------+
Note: In order to hide this table in the UI and the text report file, please set the "Show Parameter Settings in Synthesis Report" option in "Analysis and Synthesis Settings -> More Settings" to "Off".


+------------------------------------------------------------------+
; Parameter Settings for Inferred Entity Instance: lpm_divide:Mod2 ;
+------------------------+----------------+------------------------+
; Parameter Name         ; Value          ; Type                   ;
+------------------------+----------------+------------------------+
; LPM_WIDTHN             ; 6              ; Untyped                ;
; LPM_WIDTHD             ; 6              ; Untyped                ;
; LPM_NREPRESENTATION    ; UNSIGNED       ; Untyped                ;
; LPM_DREPRESENTATION    ; UNSIGNED       ; Untyped                ;
; LPM_PIPELINE           ; 0              ; Untyped                ;
; LPM_REMAINDERPOSITIVE  ; TRUE           ; Untyped                ;
; MAXIMIZE_SPEED         ; 5              ; Untyped                ;
; CBXI_PARAMETER         ; lpm_divide_m9m ; Untyped                ;
; CARRY_CHAIN            ; MANUAL         ; Untyped                ;
; OPTIMIZE_FOR_SPEED     ; 5              ; Untyped                ;
; AUTO_CARRY_CHAINS      ; ON             ; AUTO_CARRY             ;
; IGNORE_CARRY_BUFFERS   ; OFF            ; IGNORE_CARRY           ;
; AUTO_CASCADE_CHAINS    ; ON             ; AUTO_CASCADE           ;
; IGNORE_CASCADE_BUFFERS ; OFF            ; IGNORE_CASCADE         ;
+------------------------+----------------+------------------------+
Note: In order to hide this table in the UI and the text report file, please set the "Show Parameter Settings in Synthesis Report" option in "Analysis and Synthesis Settings -> More Settings" to "Off".


+------------------------------------------------------------------+
; Parameter Settings for Inferred Entity Instance: lpm_divide:Mod1 ;
+------------------------+----------------+------------------------+
; Parameter Name         ; Value          ; Type                   ;
+------------------------+----------------+------------------------+
; LPM_WIDTHN             ; 5              ; Untyped                ;
; LPM_WIDTHD             ; 5              ; Untyped                ;
; LPM_NREPRESENTATION    ; UNSIGNED       ; Untyped                ;
; LPM_DREPRESENTATION    ; UNSIGNED       ; Untyped                ;
; LPM_PIPELINE           ; 0              ; Untyped                ;
; LPM_REMAINDERPOSITIVE  ; TRUE           ; Untyped                ;
; MAXIMIZE_SPEED         ; 5              ; Untyped                ;
; CBXI_PARAMETER         ; lpm_divide_k9m ; Untyped                ;
; CARRY_CHAIN            ; MANUAL         ; Untyped                ;
; OPTIMIZE_FOR_SPEED     ; 5              ; Untyped                ;
; AUTO_CARRY_CHAINS      ; ON             ; AUTO_CARRY             ;
; IGNORE_CARRY_BUFFERS   ; OFF            ; IGNORE_CARRY           ;
; AUTO_CASCADE_CHAINS    ; ON             ; AUTO_CASCADE           ;
; IGNORE_CASCADE_BUFFERS ; OFF            ; IGNORE_CASCADE         ;
+------------------------+----------------+------------------------+
Note: In order to hide this table in the UI and the text report file, please set the "Show Parameter Settings in Synthesis Report" option in "Analysis and Synthesis Settings -> More Settings" to "Off".


+------------------------------------------------------------------+
; Parameter Settings for Inferred Entity Instance: lpm_divide:Div2 ;
+------------------------+----------------+------------------------+
; Parameter Name         ; Value          ; Type                   ;
+------------------------+----------------+------------------------+
; LPM_WIDTHN             ; 6              ; Untyped                ;
; LPM_WIDTHD             ; 4              ; Untyped                ;
; LPM_NREPRESENTATION    ; UNSIGNED       ; Untyped                ;
; LPM_DREPRESENTATION    ; UNSIGNED       ; Untyped                ;
; LPM_PIPELINE           ; 0              ; Untyped                ;
; LPM_REMAINDERPOSITIVE  ; TRUE           ; Untyped                ;
; MAXIMIZE_SPEED         ; 5              ; Untyped                ;
; CBXI_PARAMETER         ; lpm_divide_hhm ; Untyped                ;
; CARRY_CHAIN            ; MANUAL         ; Untyped                ;
; OPTIMIZE_FOR_SPEED     ; 5              ; Untyped                ;
; AUTO_CARRY_CHAINS      ; ON             ; AUTO_CARRY             ;
; IGNORE_CARRY_BUFFERS   ; OFF            ; IGNORE_CARRY           ;
; AUTO_CASCADE_CHAINS    ; ON             ; AUTO_CASCADE           ;
; IGNORE_CASCADE_BUFFERS ; OFF            ; IGNORE_CASCADE         ;
+------------------------+----------------+------------------------+
Note: In order to hide this table in the UI and the text report file, please set the "Show Parameter Settings in Synthesis Report" option in "Analysis and Synthesis Settings -> More Settings" to "Off".


+---------------------------------------------------------------------------------------------------------------------+
; Port Connectivity Checks: "Contador_4Hr:U5"                                                                         ;
+-----------+--------+----------+-------------------------------------------------------------------------------------+
; Port      ; Type   ; Severity ; Details                                                                             ;
+-----------+--------+----------+-------------------------------------------------------------------------------------+
; hours4h   ; Output ; Info     ; Connected to dangling logic. Logic that only feeds a dangling port will be removed. ;
; minutes4h ; Output ; Info     ; Connected to dangling logic. Logic that only feeds a dangling port will be removed. ;
; seconds4h ; Output ; Info     ; Connected to dangling logic. Logic that only feeds a dangling port will be removed. ;
+-----------+--------+----------+-------------------------------------------------------------------------------------+


+---------------------------------------------------------------------------------------------------------------------------------------------------------------------------+
; Port Connectivity Checks: "DHT11:U4"                                                                                                                                      ;
+--------+--------+----------+----------------------------------------------------------------------------------------------------------------------------------------------+
; Port   ; Type   ; Severity ; Details                                                                                                                                      ;
+--------+--------+----------+----------------------------------------------------------------------------------------------------------------------------------------------+
; enable ; Input  ; Warning  ; Declared by entity but not connected by instance. If a default value exists, it will be used.  Otherwise, the port will be connected to GND. ;
; error  ; Output ; Warning  ; Declared by entity but not connected by instance. Logic that only feeds a dangling port will be removed.                                     ;
; fin    ; Output ; Warning  ; Declared by entity but not connected by instance. Logic that only feeds a dangling port will be removed.                                     ;
+--------+--------+----------+----------------------------------------------------------------------------------------------------------------------------------------------+


+------------------------------------------------------------------------------------------------------------------+
; Port Connectivity Checks: "PROCESADOR_LCD_REVD:u1"                                                               ;
+--------+--------+----------+-------------------------------------------------------------------------------------+
; Port   ; Type   ; Severity ; Details                                                                             ;
+--------+--------+----------+-------------------------------------------------------------------------------------+
; bd_lcd ; Output ; Info     ; Connected to dangling logic. Logic that only feeds a dangling port will be removed. ;
+--------+--------+----------+-------------------------------------------------------------------------------------+


+-------------------------------+
; Elapsed Time Per Partition    ;
+----------------+--------------+
; Partition Name ; Elapsed Time ;
+----------------+--------------+
; Top            ; 00:00:05     ;
+----------------+--------------+


+-------------------------------+
; Analysis & Synthesis Messages ;
+-------------------------------+
Info: *******************************************************************
Info: Running Quartus II 64-Bit Analysis & Synthesis
    Info: Version 13.0.1 Build 232 06/12/2013 Service Pack 1 SJ Web Edition
    Info: Processing started: Thu Sep 05 12:14:27 2024
Info: Command: quartus_map --read_settings_files=on --write_settings_files=off Incubadora -c Incubadora
Warning (20028): Parallel compilation is not licensed and has been disabled
Info (12021): Found 2 design units, including 1 entities, in source file modulos/intesc_lcd_8bits_revd/lib_lcd_intesc_revd.vhd
    Info (12022): Found design unit 1: LIB_LCD_INTESC_REVD-Behavioral
    Info (12023): Found entity 1: LIB_LCD_INTESC_REVD
Info (12021): Found 2 design units, including 1 entities, in source file modulos/contador_d/dias_contador.vhd
    Info (12022): Found design unit 1: dias_contador-rtl
    Info (12023): Found entity 1: dias_contador
Info (12021): Found 2 design units, including 1 entities, in source file modulos/dht11/dht11.vhd
    Info (12022): Found design unit 1: DHT11-Behavioral
    Info (12023): Found entity 1: DHT11
Info (12021): Found 2 design units, including 1 entities, in source file modulos/contador4hrs/contador_4hr.vhd
    Info (12022): Found design unit 1: Contador_4Hr-rtl
    Info (12023): Found entity 1: Contador_4Hr
Info (12021): Found 2 design units, including 1 entities, in source file modulos/pwm/reductor/timermr.vhd
    Info (12022): Found design unit 1: TimerMR-Behavioral
    Info (12023): Found entity 1: TimerMR
Info (12021): Found 2 design units, including 1 entities, in source file modulos/pwm/propela/pwm_c.vhd
    Info (12022): Found design unit 1: PWM_C-Behavioral
    Info (12023): Found entity 1: PWM_C
Info (12021): Found 2 design units, including 1 entities, in source file modulos/humificador/humificador.vhd
    Info (12022): Found design unit 1: Humificador-Behavioral
    Info (12023): Found entity 1: Humificador
Info (12021): Found 2 design units, including 1 entities, in source file modulos/intesc_lcd_8bits_revd/procesador_lcd_revd.vhd
    Info (12022): Found design unit 1: PROCESADOR_LCD_REVD-Behavioral
    Info (12023): Found entity 1: PROCESADOR_LCD_REVD
Info (12021): Found 2 design units, including 0 entities, in source file modulos/intesc_lcd_8bits_revd/comandos_lcd_revd.vhd
    Info (12022): Found design unit 1: COMANDOS_LCD_REVD
    Info (12022): Found design unit 2: COMANDOS_LCD_REVD-body
Info (12021): Found 2 design units, including 1 entities, in source file modulos/intesc_lcd_8bits_revd/caracteres_especiales_revd.vhd
    Info (12022): Found design unit 1: CARACTERES_ESPECIALES_REVD-Behavioral
    Info (12023): Found entity 1: CARACTERES_ESPECIALES_REVD
Info (12127): Elaborating entity "LIB_LCD_INTESC_REVD" for the top level hierarchy
Warning (10036): Verilog HDL or VHDL warning at LIB_LCD_INTESC_REVD.vhd(92): object "blcd" assigned a value but never read
Warning (10036): Verilog HDL or VHDL warning at LIB_LCD_INTESC_REVD.vhd(197): object "hours4H" assigned a value but never read
Warning (10036): Verilog HDL or VHDL warning at LIB_LCD_INTESC_REVD.vhd(198): object "minutes4H" assigned a value but never read
Warning (10036): Verilog HDL or VHDL warning at LIB_LCD_INTESC_REVD.vhd(199): object "seconds4H" assigned a value but never read
Warning (10541): VHDL Signal Declaration warning at LIB_LCD_INTESC_REVD.vhd(205): used implicit default value for signal "UP" because signal was never assigned a value or an explicit default value. Use of implicit default value may introduce unintended design optimizations.
Warning (10541): VHDL Signal Declaration warning at LIB_LCD_INTESC_REVD.vhd(206): used implicit default value for signal "Down" because signal was never assigned a value or an explicit default value. Use of implicit default value may introduce unintended design optimizations.
Info (12128): Elaborating entity "PROCESADOR_LCD_REVD" for hierarchy "PROCESADOR_LCD_REVD:u1"
Info (12128): Elaborating entity "CARACTERES_ESPECIALES_REVD" for hierarchy "CARACTERES_ESPECIALES_REVD:U2"
Info (12128): Elaborating entity "dias_contador" for hierarchy "dias_contador:u3"
Info (12128): Elaborating entity "DHT11" for hierarchy "DHT11:U4"
Info (12128): Elaborating entity "Contador_4Hr" for hierarchy "Contador_4Hr:U5"
Info (12128): Elaborating entity "TimerMR" for hierarchy "TimerMR:U6"
Info (12128): Elaborating entity "PWM_C" for hierarchy "PWM_C:u7"
Info (12128): Elaborating entity "Humificador" for hierarchy "Humificador:U8"
Info (278001): Inferred 12 megafunctions from design logic
    Info (278004): Inferred divider/modulo megafunction ("lpm_divide") from the following logic: "Div1"
    Info (278004): Inferred divider/modulo megafunction ("lpm_divide") from the following logic: "Mod5"
    Info (278004): Inferred divider/modulo megafunction ("lpm_divide") from the following logic: "Mod4"
    Info (278004): Inferred divider/modulo megafunction ("lpm_divide") from the following logic: "Div0"
    Info (278004): Inferred divider/modulo megafunction ("lpm_divide") from the following logic: "Mod3"
    Info (278004): Inferred divider/modulo megafunction ("lpm_divide") from the following logic: "Mod0"
    Info (278004): Inferred divider/modulo megafunction ("lpm_divide") from the following logic: "Div5"
    Info (278004): Inferred divider/modulo megafunction ("lpm_divide") from the following logic: "Div3"
    Info (278004): Inferred divider/modulo megafunction ("lpm_divide") from the following logic: "Div4"
    Info (278004): Inferred divider/modulo megafunction ("lpm_divide") from the following logic: "Mod2"
    Info (278004): Inferred divider/modulo megafunction ("lpm_divide") from the following logic: "Mod1"
    Info (278004): Inferred divider/modulo megafunction ("lpm_divide") from the following logic: "Div2"
Info (12130): Elaborated megafunction instantiation "lpm_divide:Div1"
Info (12133): Instantiated megafunction "lpm_divide:Div1" with the following parameter:
    Info (12134): Parameter "LPM_WIDTHN" = "5"
    Info (12134): Parameter "LPM_WIDTHD" = "4"
    Info (12134): Parameter "LPM_NREPRESENTATION" = "UNSIGNED"
    Info (12134): Parameter "LPM_DREPRESENTATION" = "UNSIGNED"
Info (12021): Found 1 design units, including 1 entities, in source file db/lpm_divide_ghm.tdf
    Info (12023): Found entity 1: lpm_divide_ghm
Info (12021): Found 1 design units, including 1 entities, in source file db/sign_div_unsign_8kh.tdf
    Info (12023): Found entity 1: sign_div_unsign_8kh
Info (12021): Found 1 design units, including 1 entities, in source file db/alt_u_div_44f.tdf
    Info (12023): Found entity 1: alt_u_div_44f
Info (12021): Found 1 design units, including 1 entities, in source file db/add_sub_7pc.tdf
    Info (12023): Found entity 1: add_sub_7pc
Info (12021): Found 1 design units, including 1 entities, in source file db/add_sub_8pc.tdf
    Info (12023): Found entity 1: add_sub_8pc
Info (12130): Elaborated megafunction instantiation "lpm_divide:Mod5"
Info (12133): Instantiated megafunction "lpm_divide:Mod5" with the following parameter:
    Info (12134): Parameter "LPM_WIDTHN" = "10"
    Info (12134): Parameter "LPM_WIDTHD" = "10"
    Info (12134): Parameter "LPM_NREPRESENTATION" = "UNSIGNED"
    Info (12134): Parameter "LPM_DREPRESENTATION" = "UNSIGNED"
Info (12021): Found 1 design units, including 1 entities, in source file db/lpm_divide_ccm.tdf
    Info (12023): Found entity 1: lpm_divide_ccm
Info (12021): Found 1 design units, including 1 entities, in source file db/sign_div_unsign_1nh.tdf
    Info (12023): Found entity 1: sign_div_unsign_1nh
Info (12021): Found 1 design units, including 1 entities, in source file db/alt_u_div_m9f.tdf
    Info (12023): Found entity 1: alt_u_div_m9f
Info (12130): Elaborated megafunction instantiation "lpm_divide:Mod3"
Info (12133): Instantiated megafunction "lpm_divide:Mod3" with the following parameter:
    Info (12134): Parameter "LPM_WIDTHN" = "6"
    Info (12134): Parameter "LPM_WIDTHD" = "6"
    Info (12134): Parameter "LPM_NREPRESENTATION" = "UNSIGNED"
    Info (12134): Parameter "LPM_DREPRESENTATION" = "UNSIGNED"
Info (12021): Found 1 design units, including 1 entities, in source file db/lpm_divide_m9m.tdf
    Info (12023): Found entity 1: lpm_divide_m9m
Info (12021): Found 1 design units, including 1 entities, in source file db/sign_div_unsign_bkh.tdf
    Info (12023): Found entity 1: sign_div_unsign_bkh
Info (12021): Found 1 design units, including 1 entities, in source file db/alt_u_div_a4f.tdf
    Info (12023): Found entity 1: alt_u_div_a4f
Info (12130): Elaborated megafunction instantiation "lpm_divide:Mod0"
Info (12133): Instantiated megafunction "lpm_divide:Mod0" with the following parameter:
    Info (12134): Parameter "LPM_WIDTHN" = "5"
    Info (12134): Parameter "LPM_WIDTHD" = "5"
    Info (12134): Parameter "LPM_NREPRESENTATION" = "UNSIGNED"
    Info (12134): Parameter "LPM_DREPRESENTATION" = "UNSIGNED"
Info (12021): Found 1 design units, including 1 entities, in source file db/lpm_divide_k9m.tdf
    Info (12023): Found entity 1: lpm_divide_k9m
Info (12021): Found 1 design units, including 1 entities, in source file db/sign_div_unsign_9kh.tdf
    Info (12023): Found entity 1: sign_div_unsign_9kh
Info (12021): Found 1 design units, including 1 entities, in source file db/alt_u_div_64f.tdf
    Info (12023): Found entity 1: alt_u_div_64f
Info (12130): Elaborated megafunction instantiation "lpm_divide:Div5"
Info (12133): Instantiated megafunction "lpm_divide:Div5" with the following parameter:
    Info (12134): Parameter "LPM_WIDTHN" = "10"
    Info (12134): Parameter "LPM_WIDTHD" = "4"
    Info (12134): Parameter "LPM_NREPRESENTATION" = "UNSIGNED"
    Info (12134): Parameter "LPM_DREPRESENTATION" = "UNSIGNED"
Info (12021): Found 1 design units, including 1 entities, in source file db/lpm_divide_sim.tdf
    Info (12023): Found entity 1: lpm_divide_sim
Info (12021): Found 1 design units, including 1 entities, in source file db/sign_div_unsign_klh.tdf
    Info (12023): Found entity 1: sign_div_unsign_klh
Info (12021): Found 1 design units, including 1 entities, in source file db/alt_u_div_s6f.tdf
    Info (12023): Found entity 1: alt_u_div_s6f
Info (12130): Elaborated megafunction instantiation "lpm_divide:Div3"
Info (12133): Instantiated megafunction "lpm_divide:Div3" with the following parameter:
    Info (12134): Parameter "LPM_WIDTHN" = "6"
    Info (12134): Parameter "LPM_WIDTHD" = "4"
    Info (12134): Parameter "LPM_NREPRESENTATION" = "UNSIGNED"
    Info (12134): Parameter "LPM_DREPRESENTATION" = "UNSIGNED"
Info (12021): Found 1 design units, including 1 entities, in source file db/lpm_divide_hhm.tdf
    Info (12023): Found entity 1: lpm_divide_hhm
Info (12021): Found 1 design units, including 1 entities, in source file db/sign_div_unsign_akh.tdf
    Info (12023): Found entity 1: sign_div_unsign_akh
Info (12021): Found 1 design units, including 1 entities, in source file db/alt_u_div_74f.tdf
    Info (12023): Found entity 1: alt_u_div_74f
Warning (12241): 1 hierarchies have connectivity warnings - see the Connectivity Checks report folder
Info (13000): Registers with preset signals will power-up high
Info (13003): DEV_CLRn pin will set, and not reset, register with preset signal due to NOT Gate Push-Back
Warning (13024): Output pins are stuck at VCC or GND
    Warning (13410): Pin "RW" is stuck at GND
    Warning (13410): Pin "HmOut" is stuck at VCC
Critical Warning (18061): Ignored Power-Up Level option on the following registers
    Critical Warning (18010): Register TimerMR:U6|active will power up to High
Info (286030): Timing-Driven Synthesis is running
Info (16010): Generating hard_block partition "hard_block:auto_generated_inst"
    Info (16011): Adding 0 node(s), including 0 DDIO, 0 PLL, 0 transceiver and 0 LCELL
Info (21057): Implemented 1595 device resources after synthesis - the final resource count might be different
    Info (21058): Implemented 2 input pins
    Info (21059): Implemented 15 output pins
    Info (21060): Implemented 1 bidirectional pins
    Info (21061): Implemented 1577 logic cells
Info: Quartus II 64-Bit Analysis & Synthesis was successful. 0 errors, 13 warnings
    Info: Peak virtual memory: 4653 megabytes
    Info: Processing ended: Thu Sep 05 12:14:34 2024
    Info: Elapsed time: 00:00:07
    Info: Total CPU time (on all processors): 00:00:05


